[2026-05-20T16:09:21.844Z] [INFO] Sync started (Force: false, Dry Run: true)
[2026-05-20T16:09:21.869Z] [INFO] [SYNCING] System Architecture...
[2026-05-20T16:09:21.870Z] [INFO] [DRY RUN] Would update page: System Architecture (366ecf3f-96a0-818f-bf47-da178ff2440b)
[2026-05-20T16:09:21.872Z] [INFO] [SUCCESS] System Architecture
[2026-05-20T16:09:21.873Z] [INFO] [SYNCING] Frontend Development...
[2026-05-20T16:09:21.874Z] [INFO] [DRY RUN] Would update page: Frontend Development (366ecf3f-96a0-8167-a1e9-d438e8317be8)
[2026-05-20T16:09:21.874Z] [INFO] [SUCCESS] Frontend Development
[2026-05-20T16:09:21.874Z] [INFO] [SYNCING] Backend Integration...
[2026-05-20T16:09:21.875Z] [INFO] [DRY RUN] Would update page: Backend Integration (366ecf3f-96a0-81fd-b4a5-f45be07cb082)
[2026-05-20T16:09:21.875Z] [INFO] [SUCCESS] Backend Integration
[2026-05-20T16:09:21.876Z] [INFO] [SYNCING] Vercel Deployment...
[2026-05-20T16:09:21.876Z] [INFO] [DRY RUN] Would update page: Vercel Deployment (366ecf3f-96a0-81fe-b95c-cb4a43271759)
[2026-05-20T16:09:21.876Z] [INFO] [SUCCESS] Vercel Deployment
[2026-05-20T16:09:21.877Z] [INFO] [SYNCING] Environment Variables...
[2026-05-20T16:09:21.877Z] [INFO] [DRY RUN] Would update page: Environment Variables (366ecf3f-96a0-81cc-8711-e98abcd7fdac)
[2026-05-20T16:09:21.877Z] [INFO] [SUCCESS] Environment Variables
[2026-05-20T16:09:21.878Z] [INFO] [SYNCING] AI Operating Rules...
[2026-05-20T16:09:21.878Z] [INFO] [DRY RUN] Would update page: AI Operating Rules (366ecf3f-96a0-811f-afcf-feb11b74896c)
[2026-05-20T16:09:21.882Z] [INFO] [SUCCESS] AI Operating Rules
[2026-05-20T16:09:21.883Z] [INFO] [SYNCING] Project Overview...
[2026-05-20T16:09:21.883Z] [INFO] [DRY RUN] Would update page: Project Overview (366ecf3f-96a0-81dc-a595-d00c75dd5cbc)
[2026-05-20T16:09:21.883Z] [INFO] [SUCCESS] Project Overview
[2026-05-20T16:09:21.883Z] [INFO] Sync process finished.
[2026-05-20T16:11:54.720Z] [INFO] Sync started (Force: false, Dry Run: false)
[2026-05-20T16:11:54.741Z] [INFO] [SYNCING] System Architecture...
[2026-05-20T16:12:09.457Z] [INFO] [SUCCESS] System Architecture
[2026-05-20T16:12:09.459Z] [INFO] [SYNCING] Frontend Development...
[2026-05-20T16:12:21.297Z] [INFO] [SUCCESS] Frontend Development
[2026-05-20T16:12:21.299Z] [INFO] [SYNCING] Backend Integration...
[2026-05-20T16:12:32.216Z] [INFO] [SUCCESS] Backend Integration
[2026-05-20T16:12:32.218Z] [INFO] [SYNCING] Vercel Deployment...
[2026-05-20T16:12:43.369Z] [INFO] [SUCCESS] Vercel Deployment
[2026-05-20T16:12:43.370Z] [INFO] [SYNCING] Environment Variables...
[2026-05-20T16:12:54.267Z] [INFO] [SUCCESS] Environment Variables
[2026-05-20T16:12:54.268Z] [INFO] [SYNCING] AI Operating Rules...
[2026-05-20T16:13:07.413Z] [INFO] [SUCCESS] AI Operating Rules
[2026-05-20T16:13:07.414Z] [INFO] [SYNCING] Project Overview...
[2026-05-20T16:13:21.137Z] [INFO] [SUCCESS] Project Overview
[2026-05-20T16:13:21.139Z] [INFO] Sync process finished.
[2026-05-21T00:21:34.549Z] [INFO] Sync started (Force: false, Dry Run: false)
[2026-05-21T00:21:34.567Z] [INFO] [SKIPPED] System Architecture (No changes detected)
[2026-05-21T00:21:34.568Z] [INFO] [SKIPPED] Frontend Development (No changes detected)
[2026-05-21T00:21:34.568Z] [INFO] [SKIPPED] Backend Integration (No changes detected)
[2026-05-21T00:21:34.568Z] [INFO] [SKIPPED] Vercel Deployment (No changes detected)
[2026-05-21T00:21:34.569Z] [INFO] [SKIPPED] Environment Variables (No changes detected)
[2026-05-21T00:21:34.569Z] [INFO] [SKIPPED] AI Operating Rules (No changes detected)
[2026-05-21T00:21:34.569Z] [INFO] [SKIPPED] Project Overview (No changes detected)
[2026-05-21T00:21:34.572Z] [INFO] Sync process finished.
[2026-05-21T00:21:37.780Z] [INFO] Sync started (Force: true, Dry Run: false)
[2026-05-21T00:21:37.799Z] [INFO] [SYNCING] System Architecture...
[2026-05-21T00:21:39.321Z] [WARN] Retrying after error: API token is invalid.
[2026-05-21T00:21:40.835Z] [WARN] Retrying after error: API token is invalid.
[2026-05-21T00:21:43.195Z] [WARN] Retrying after error: API token is invalid.
[2026-05-21T00:21:47.478Z] [ERROR] [FAILED] System Architecture: API token is invalid.
[2026-05-21T00:21:47.480Z] [INFO] [SYNCING] Frontend Development...
[2026-05-21T00:21:48.198Z] [WARN] Retrying after error: API token is invalid.
[2026-05-21T00:21:49.446Z] [WARN] Retrying after error: API token is invalid.
[2026-05-21T00:21:51.724Z] [WARN] Retrying after error: API token is invalid.
[2026-05-21T00:21:56.036Z] [ERROR] [FAILED] Frontend Development: API token is invalid.
[2026-05-21T00:21:56.037Z] [INFO] [SYNCING] Backend Integration...
[2026-05-21T00:21:56.617Z] [WARN] Retrying after error: API token is invalid.
[2026-05-21T00:21:58.129Z] [WARN] Retrying after error: API token is invalid.
[2026-05-21T00:22:00.660Z] [WARN] Retrying after error: API token is invalid.
[2026-05-21T00:22:04.994Z] [ERROR] [FAILED] Backend Integration: API token is invalid.
[2026-05-21T00:22:04.994Z] [INFO] [SYNCING] Vercel Deployment...
[2026-05-21T00:22:05.403Z] [WARN] Retrying after error: API token is invalid.
[2026-05-21T00:22:06.673Z] [WARN] Retrying after error: API token is invalid.
[2026-05-21T00:22:09.010Z] [WARN] Retrying after error: API token is invalid.
[2026-05-21T00:22:13.271Z] [ERROR] [FAILED] Vercel Deployment: API token is invalid.
[2026-05-21T00:22:13.272Z] [INFO] [SYNCING] Environment Variables...
[2026-05-21T00:22:13.633Z] [WARN] Retrying after error: API token is invalid.
[2026-05-21T00:22:15.077Z] [WARN] Retrying after error: API token is invalid.
[2026-05-21T00:22:17.685Z] [WARN] Retrying after error: API token is invalid.
[2026-05-21T00:22:21.966Z] [ERROR] [FAILED] Environment Variables: API token is invalid.
[2026-05-21T00:22:21.968Z] [INFO] [SYNCING] AI Operating Rules...
[2026-05-21T00:22:22.354Z] [WARN] Retrying after error: API token is invalid.
[2026-05-21T00:22:23.641Z] [WARN] Retrying after error: API token is invalid.
[2026-05-21T00:22:25.954Z] [WARN] Retrying after error: API token is invalid.
[2026-05-21T00:22:30.438Z] [ERROR] [FAILED] AI Operating Rules: API token is invalid.
[2026-05-21T00:22:30.440Z] [INFO] [SYNCING] Project Overview...
[2026-05-21T00:22:30.856Z] [WARN] Retrying after error: API token is invalid.
[2026-05-21T00:22:32.131Z] [WARN] Retrying after error: API token is invalid.
[2026-05-21T00:22:34.604Z] [WARN] Retrying after error: API token is invalid.
[2026-05-21T00:22:39.082Z] [ERROR] [FAILED] Project Overview: API token is invalid.
[2026-05-21T00:22:39.083Z] [INFO] Sync process finished.
[2026-05-21T00:30:11.547Z] [INFO] Sync started (Force: true, Dry Run: false)
[2026-05-21T00:30:11.562Z] [INFO] [SYNCING] System Architecture...
[2026-05-21T00:30:29.158Z] [INFO] [SUCCESS] System Architecture
[2026-05-21T00:30:29.159Z] [INFO] [SYNCING] Frontend Development...
[2026-05-21T00:30:47.702Z] [INFO] [SUCCESS] Frontend Development
[2026-05-21T00:30:47.703Z] [INFO] [SYNCING] Backend Integration...
[2026-05-21T00:31:06.838Z] [INFO] [SUCCESS] Backend Integration
[2026-05-21T00:31:06.840Z] [INFO] [SYNCING] Vercel Deployment...
[2026-05-21T00:31:20.834Z] [INFO] [SUCCESS] Vercel Deployment
[2026-05-21T00:31:20.837Z] [INFO] [SYNCING] Environment Variables...
[2026-05-21T00:31:31.953Z] [INFO] [SUCCESS] Environment Variables
[2026-05-21T00:31:31.954Z] [INFO] [SYNCING] AI Operating Rules...
[2026-05-21T00:31:45.274Z] [INFO] [SUCCESS] AI Operating Rules
[2026-05-21T00:31:45.276Z] [INFO] [SYNCING] Project Overview...
[2026-05-21T00:31:56.300Z] [INFO] [SUCCESS] Project Overview
[2026-05-21T00:31:56.301Z] [INFO] Sync process finished.
[2026-05-21T05:17:06.198Z] [INFO] Sync started (Force: true, Dry Run: false)
[2026-05-21T05:17:06.230Z] [INFO] [SYNCING] System Architecture...
[2026-05-21T05:17:30.891Z] [INFO] [SUCCESS] System Architecture
[2026-05-21T05:17:30.897Z] [INFO] [SYNCING] Frontend Development...
[2026-05-21T05:17:49.242Z] [INFO] [SUCCESS] Frontend Development
[2026-05-21T05:17:49.244Z] [INFO] [SYNCING] Backend Integration...
[2026-05-21T05:18:06.889Z] [INFO] [SUCCESS] Backend Integration
[2026-05-21T05:18:06.894Z] [INFO] [SYNCING] Vercel Deployment...
[2026-05-21T05:18:21.833Z] [INFO] [SUCCESS] Vercel Deployment
[2026-05-21T05:18:21.837Z] [INFO] [SYNCING] Environment Variables...
[2026-05-21T05:18:35.957Z] [INFO] [SUCCESS] Environment Variables
[2026-05-21T05:18:35.959Z] [INFO] [SYNCING] AI Operating Rules...
[2026-05-21T05:18:52.367Z] [INFO] [SUCCESS] AI Operating Rules
[2026-05-21T05:18:52.369Z] [INFO] [SYNCING] Project Overview...
[2026-05-21T05:19:06.759Z] [INFO] [SUCCESS] Project Overview
[2026-05-21T05:19:06.760Z] [INFO] Sync process finished.
[2026-05-21T12:47:23.181Z] [INFO] Sync started (Force: true, Dry Run: false)
[2026-05-21T12:47:23.204Z] [INFO] [SYNCING] System Architecture...
[2026-05-21T12:47:38.253Z] [INFO] [SUCCESS] System Architecture
[2026-05-21T12:47:38.256Z] [INFO] [SYNCING] Frontend Development...
[2026-05-21T12:47:50.782Z] [INFO] [SUCCESS] Frontend Development
[2026-05-21T12:47:50.786Z] [INFO] [SYNCING] Backend Integration...
[2026-05-21T12:48:06.205Z] [INFO] [SUCCESS] Backend Integration
[2026-05-21T12:48:06.208Z] [INFO] [SYNCING] Vercel Deployment...
[2026-05-21T12:48:18.608Z] [INFO] [SUCCESS] Vercel Deployment
[2026-05-21T12:48:18.613Z] [INFO] [SYNCING] Environment Variables...
[2026-05-21T12:48:30.756Z] [INFO] [SUCCESS] Environment Variables
[2026-05-21T12:48:30.762Z] [INFO] [SYNCING] AI Operating Rules...
[2026-05-21T12:48:42.721Z] [INFO] [SUCCESS] AI Operating Rules
[2026-05-21T12:48:42.725Z] [INFO] [SYNCING] Project Overview...
[2026-05-21T12:48:57.639Z] [INFO] [SUCCESS] Project Overview
[2026-05-21T12:48:57.639Z] [INFO] Sync process finished.
